<?xml version="1.0" encoding="UTF-8"?>
<!-- Generated by org.testng.reporters.JUnitReportReporter -->
<testsuite skipped="0" hostname="Dhiraj-VAIO" name="com.abc.TestNG.Demo" tests="1" failures="0" timestamp="08 Sep 2019 11:37:00 GMT" time="0.046" errors="0">
  <testcase name="a" time="0.046" classname="com.abc.TestNG.Demo"/>
</testsuite> <!-- com.abc.TestNG.Demo -->
